<?xml version="1.0" encoding="UTF-8"?>
<testng-results skipped="0" failed="0" total="1" passed="1">
  <reporter-output>
  </reporter-output>
  <suite name="Default suite" duration-ms="9066" started-at="2021-04-26T05:39:18Z" finished-at="2021-04-26T05:39:27Z">
    <groups>
    </groups>
    <test name="Default test" duration-ms="9066" started-at="2021-04-26T05:39:18Z" finished-at="2021-04-26T05:39:27Z">
      <class name="com.PomModify.AdduserTest">
        <test-method status="PASS" signature="setUp()[pri:0, instance:com.PomModify.AdduserTest@1810399e]" name="setUp" is-config="true" duration-ms="8855" started-at="2021-04-26T11:09:09Z" finished-at="2021-04-26T11:09:18Z">
          <reporter-output>
          </reporter-output>
        </test-method> <!-- setUp -->
        <test-method status="PASS" signature="adduser()[pri:0, instance:com.PomModify.AdduserTest@1810399e]" name="adduser" duration-ms="9034" started-at="2021-04-26T11:09:18Z" finished-at="2021-04-26T11:09:27Z">
          <reporter-output>
          </reporter-output>
        </test-method> <!-- adduser -->
        <test-method status="PASS" signature="closepage()[pri:0, instance:com.PomModify.AdduserTest@1810399e]" name="closepage" is-config="true" duration-ms="4189" started-at="2021-04-26T11:09:27Z" finished-at="2021-04-26T11:09:31Z">
          <reporter-output>
          </reporter-output>
        </test-method> <!-- closepage -->
      </class> <!-- com.PomModify.AdduserTest -->
    </test> <!-- Default test -->
  </suite> <!-- Default suite -->
</testng-results>
